[10:35:31] DEPRECATION WARNING: please use MorganGenerator
[10:35:31] DEPRECATION WARNING: please use MorganGenerator
[10:35:31] DEPRECATION WARNING: please use MorganGenerator
[10:35:31] DEPRECATION WARNING: please use MorganGenerator
[10:35:31] DEPRECATION WARNING: please use MorganGenerator
[10:35:31] DEPRECATION WARNING: please use MorganGenerator
[10:35:31] DEPRECATION WARNING: please use MorganGenerator
[10:35:31] DEPRECATION WARNING: please use MorganGenerator
[10:35:31] DEPRECATION WARNING: please use MorganGenerator
[10:35:31] DEPRECATION WARNING: please use MorganGenerator
[10:35:31] DEPRECATION WARNING: please use MorganGenerator
[10:35:31] DEPRECATION WARNING: please use MorganGenerator
[10:35:31] DEPRECATION WARNING: please use MorganGenerator
[10:35:31] DEPRECATION WARNING: please use MorganGenerator
[10:35:31] DEPRECATION WARNING: please use MorganGenerator
[10:35:31] DEPRECATION WARNING: please use MorganGenerator
[10:35:31] DEPRECATION WARNING: please use MorganGenerator
[10:35:31] DEPRECATION WARNING: please use MorganGenerator
[10:35:31] DEPRECATION WARNING: please use MorganGenerator
[10:35:31] DEPRECATION WARNING: please use MorganGenerator
[10:35:31] DEPRECATION WARNING: please use MorganGenerator
[10:35:31] DEPRECATION WARNING: please use MorganGenerator
[10:35:31] DEPRECATION WARNING: please use MorganGenerator
[10:35:31] DEPRECATION WARNING: please use MorganGenerator
[10:35:31] DEPRECATION WARNING: please use MorganGenerator
[10:35:31] DEPRECATION WARNING: please use MorganGenerator
[10:35:31] DEPRECATION WARNING: please use MorganGenerator
[10:35:31] DEPRECATION WARNING: please use MorganGenerator
[10:35:31] DEPRECATION WARNING: please use MorganGenerator
[10:35:31] DEPRECATION WARNING: please use MorganGenerator
[10:35:31] DEPRECATION WARNING: please use MorganGenerator
[10:35:31] DEPRECATION WARNING: please use MorganGenerator
[10:35:31] DEPRECATION WARNING: please use MorganGenerator
[10:35:31] DEPRECATION WARNING: please use MorganGenerator
[10:35:31] DEPRECATION WARNING: please use MorganGenerator
[10:35:31] DEPRECATION WARNING: please use MorganGenerator
[10:35:31] DEPRECATION WARNING: please use MorganGenerator
[10:35:31] DEPRECATION WARNING: please use MorganGenerator
[10:35:31] DEPRECATION WARNING: please use MorganGenerator
[10:35:31] DEPRECATION WARNING: please use MorganGenerator
[10:35:31] DEPRECATION WARNING: please use MorganGenerator
[10:35:31] DEPRECATION WARNING: please use MorganGenerator
[10:35:31] DEPRECATION WARNING: please use MorganGenerator
[10:35:31] DEPRECATION WARNING: please use MorganGenerator
[10:35:31] DEPRECATION WARNING: please use MorganGenerator
[10:35:31] DEPRECATION WARNING: please use MorganGenerator
[10:35:31] DEPRECATION WARNING: please use MorganGenerator
[10:35:31] DEPRECATION WARNING: please use MorganGenerator
[10:35:31] DEPRECATION WARNING: please use MorganGenerator
[10:35:31] DEPRECATION WARNING: please use MorganGenerator
[10:35:31] DEPRECATION WARNING: please use MorganGenerator
[10:35:31] DEPRECATION WARNING: please use MorganGenerator
[10:35:31] DEPRECATION WARNING: please use MorganGenerator
[10:35:31] DEPRECATION WARNING: please use MorganGenerator
[10:35:31] DEPRECATION WARNING: please use MorganGenerator
[10:35:31] DEPRECATION WARNING: please use MorganGenerator
[10:35:31] DEPRECATION WARNING: please use MorganGenerator
[10:35:31] DEPRECATION WARNING: please use MorganGenerator
[10:35:31] DEPRECATION WARNING: please use MorganGenerator
[10:35:31] DEPRECATION WARNING: please use MorganGenerator
[10:35:31] DEPRECATION WARNING: please use MorganGenerator
[10:35:31] DEPRECATION WARNING: please use MorganGenerator
[10:35:31] DEPRECATION WARNING: please use MorganGenerator
[10:35:31] DEPRECATION WARNING: please use MorganGenerator
[10:35:31] DEPRECATION WARNING: please use MorganGenerator
[10:35:31] DEPRECATION WARNING: please use MorganGenerator
[10:35:31] DEPRECATION WARNING: please use MorganGenerator
[10:35:31] DEPRECATION WARNING: please use MorganGenerator
[10:35:31] DEPRECATION WARNING: please use MorganGenerator
[10:35:31] DEPRECATION WARNING: please use MorganGenerator
[10:35:31] DEPRECATION WARNING: please use MorganGenerator
[10:35:31] DEPRECATION WARNING: please use MorganGenerator
[10:35:31] DEPRECATION WARNING: please use MorganGenerator
[10:35:31] DEPRECATION WARNING: please use MorganGenerator
[10:35:31] DEPRECATION WARNING: please use MorganGenerator
[10:35:31] DEPRECATION WARNING: please use MorganGenerator
[10:35:31] DEPRECATION WARNING: please use MorganGenerator
[10:35:31] DEPRECATION WARNING: please use MorganGenerator
[10:35:31] DEPRECATION WARNING: please use MorganGenerator
[10:35:31] DEPRECATION WARNING: please use MorganGenerator
[10:35:31] DEPRECATION WARNING: please use MorganGenerator
[10:35:31] DEPRECATION WARNING: please use MorganGenerator
[10:35:31] DEPRECATION WARNING: please use MorganGenerator
[10:35:31] DEPRECATION WARNING: please use MorganGenerator
[10:35:31] DEPRECATION WARNING: please use MorganGenerator
[10:35:31] DEPRECATION WARNING: please use MorganGenerator
[10:35:31] DEPRECATION WARNING: please use MorganGenerator
[10:35:31] DEPRECATION WARNING: please use MorganGenerator
[10:35:31] DEPRECATION WARNING: please use MorganGenerator
[10:35:31] DEPRECATION WARNING: please use MorganGenerator
[10:35:31] DEPRECATION WARNING: please use MorganGenerator
[10:35:31] DEPRECATION WARNING: please use MorganGenerator
[10:35:31] DEPRECATION WARNING: please use MorganGenerator
[10:35:31] DEPRECATION WARNING: please use MorganGenerator
[10:35:31] DEPRECATION WARNING: please use MorganGenerator
[10:35:31] DEPRECATION WARNING: please use MorganGenerator
[10:35:31] DEPRECATION WARNING: please use MorganGenerator
[10:35:31] DEPRECATION WARNING: please use MorganGenerator
[10:35:31] DEPRECATION WARNING: please use MorganGenerator
[10:35:31] DEPRECATION WARNING: please use MorganGenerator
[10:35:31] DEPRECATION WARNING: please use MorganGenerator
[10:35:31] DEPRECATION WARNING: please use MorganGenerator
[10:35:31] DEPRECATION WARNING: please use MorganGenerator
[10:35:31] DEPRECATION WARNING: please use MorganGenerator
[10:35:31] DEPRECATION WARNING: please use MorganGenerator
[10:35:31] DEPRECATION WARNING: please use MorganGenerator
[10:35:31] DEPRECATION WARNING: please use MorganGenerator
[10:35:31] DEPRECATION WARNING: please use MorganGenerator
[10:35:31] DEPRECATION WARNING: please use MorganGenerator
[10:35:31] DEPRECATION WARNING: please use MorganGenerator
[10:35:31] DEPRECATION WARNING: please use MorganGenerator
[10:35:31] DEPRECATION WARNING: please use MorganGenerator
[10:35:31] DEPRECATION WARNING: please use MorganGenerator
[10:35:31] DEPRECATION WARNING: please use MorganGenerator
[10:35:31] DEPRECATION WARNING: please use MorganGenerator
[10:35:31] DEPRECATION WARNING: please use MorganGenerator
[10:35:31] DEPRECATION WARNING: please use MorganGenerator
[10:35:31] DEPRECATION WARNING: please use MorganGenerator
[10:35:31] DEPRECATION WARNING: please use MorganGenerator
[10:35:31] DEPRECATION WARNING: please use MorganGenerator
[10:35:31] DEPRECATION WARNING: please use MorganGenerator
[10:35:31] DEPRECATION WARNING: please use MorganGenerator
[10:35:31] DEPRECATION WARNING: please use MorganGenerator
[10:35:31] DEPRECATION WARNING: please use MorganGenerator
[10:35:31] DEPRECATION WARNING: please use MorganGenerator
[10:35:31] DEPRECATION WARNING: please use MorganGenerator
[10:35:31] DEPRECATION WARNING: please use MorganGenerator
[10:35:31] DEPRECATION WARNING: please use MorganGenerator
[10:35:31] DEPRECATION WARNING: please use MorganGenerator
[10:35:31] DEPRECATION WARNING: please use MorganGenerator
[10:35:31] DEPRECATION WARNING: please use MorganGenerator
[10:35:31] DEPRECATION WARNING: please use MorganGenerator
[10:35:31] DEPRECATION WARNING: please use MorganGenerator
[10:35:31] DEPRECATION WARNING: please use MorganGenerator
[10:35:31] DEPRECATION WARNING: please use MorganGenerator
[10:35:31] DEPRECATION WARNING: please use MorganGenerator
[10:35:31] DEPRECATION WARNING: please use MorganGenerator
[10:35:31] DEPRECATION WARNING: please use MorganGenerator
[10:35:31] DEPRECATION WARNING: please use MorganGenerator
[10:35:31] DEPRECATION WARNING: please use MorganGenerator
[10:35:31] DEPRECATION WARNING: please use MorganGenerator
[10:35:31] DEPRECATION WARNING: please use MorganGenerator
[10:35:31] DEPRECATION WARNING: please use MorganGenerator
[10:35:31] DEPRECATION WARNING: please use MorganGenerator
[10:35:31] DEPRECATION WARNING: please use MorganGenerator
[10:35:31] DEPRECATION WARNING: please use MorganGenerator
[10:35:31] DEPRECATION WARNING: please use MorganGenerator
[10:35:31] DEPRECATION WARNING: please use MorganGenerator
[10:35:31] DEPRECATION WARNING: please use MorganGenerator
[10:35:31] DEPRECATION WARNING: please use MorganGenerator
[10:35:31] DEPRECATION WARNING: please use MorganGenerator
[10:35:31] DEPRECATION WARNING: please use MorganGenerator
[10:35:31] DEPRECATION WARNING: please use MorganGenerator
[10:35:31] DEPRECATION WARNING: please use MorganGenerator
[10:35:31] DEPRECATION WARNING: please use MorganGenerator
[10:35:31] DEPRECATION WARNING: please use MorganGenerator
[10:35:31] DEPRECATION WARNING: please use MorganGenerator
[10:35:31] DEPRECATION WARNING: please use MorganGenerator
[10:35:31] DEPRECATION WARNING: please use MorganGenerator
[10:35:31] DEPRECATION WARNING: please use MorganGenerator
[10:35:31] DEPRECATION WARNING: please use MorganGenerator
[10:35:31] DEPRECATION WARNING: please use MorganGenerator
[10:35:31] DEPRECATION WARNING: please use MorganGenerator
[10:35:31] DEPRECATION WARNING: please use MorganGenerator
[10:35:31] DEPRECATION WARNING: please use MorganGenerator
[10:35:31] DEPRECATION WARNING: please use MorganGenerator
[10:35:31] DEPRECATION WARNING: please use MorganGenerator
[10:35:31] DEPRECATION WARNING: please use MorganGenerator
[10:35:31] DEPRECATION WARNING: please use MorganGenerator
[10:35:31] DEPRECATION WARNING: please use MorganGenerator
[10:35:31] DEPRECATION WARNING: please use MorganGenerator
[10:35:31] DEPRECATION WARNING: please use MorganGenerator
[10:35:31] DEPRECATION WARNING: please use MorganGenerator
[10:35:31] DEPRECATION WARNING: please use MorganGenerator
[10:35:31] DEPRECATION WARNING: please use MorganGenerator
[10:35:31] DEPRECATION WARNING: please use MorganGenerator
[10:35:31] DEPRECATION WARNING: please use MorganGenerator
[10:35:31] DEPRECATION WARNING: please use MorganGenerator
[10:35:31] DEPRECATION WARNING: please use MorganGenerator
[10:35:31] DEPRECATION WARNING: please use MorganGenerator
[10:35:31] DEPRECATION WARNING: please use MorganGenerator
[10:35:31] DEPRECATION WARNING: please use MorganGenerator
[10:35:31] DEPRECATION WARNING: please use MorganGenerator
[10:35:31] DEPRECATION WARNING: please use MorganGenerator
[10:35:31] DEPRECATION WARNING: please use MorganGenerator
[10:35:31] DEPRECATION WARNING: please use MorganGenerator
[10:35:31] DEPRECATION WARNING: please use MorganGenerator
[10:35:31] DEPRECATION WARNING: please use MorganGenerator
[10:35:31] DEPRECATION WARNING: please use MorganGenerator
[10:35:31] DEPRECATION WARNING: please use MorganGenerator
[10:35:31] DEPRECATION WARNING: please use MorganGenerator
[10:35:31] DEPRECATION WARNING: please use MorganGenerator
[10:35:31] DEPRECATION WARNING: please use MorganGenerator
[10:35:31] DEPRECATION WARNING: please use MorganGenerator
[10:35:31] DEPRECATION WARNING: please use MorganGenerator
[10:35:31] DEPRECATION WARNING: please use MorganGenerator
[10:35:31] DEPRECATION WARNING: please use MorganGenerator
[10:35:31] DEPRECATION WARNING: please use MorganGenerator
[10:35:31] DEPRECATION WARNING: please use MorganGenerator
[10:35:31] DEPRECATION WARNING: please use MorganGenerator
[10:35:31] DEPRECATION WARNING: please use MorganGenerator
[10:35:31] DEPRECATION WARNING: please use MorganGenerator
[10:35:31] DEPRECATION WARNING: please use MorganGenerator
[10:35:31] DEPRECATION WARNING: please use MorganGenerator
[10:35:31] DEPRECATION WARNING: please use MorganGenerator
[10:35:31] DEPRECATION WARNING: please use MorganGenerator
[10:35:31] DEPRECATION WARNING: please use MorganGenerator
[10:35:31] DEPRECATION WARNING: please use MorganGenerator
[10:35:31] DEPRECATION WARNING: please use MorganGenerator
[10:35:31] DEPRECATION WARNING: please use MorganGenerator
[10:35:31] DEPRECATION WARNING: please use MorganGenerator
[10:35:31] DEPRECATION WARNING: please use MorganGenerator
[10:35:31] DEPRECATION WARNING: please use MorganGenerator
[10:35:31] DEPRECATION WARNING: please use MorganGenerator
[10:35:31] DEPRECATION WARNING: please use MorganGenerator
[10:35:31] DEPRECATION WARNING: please use MorganGenerator
[10:35:31] DEPRECATION WARNING: please use MorganGenerator
[10:35:31] DEPRECATION WARNING: please use MorganGenerator
[10:35:31] DEPRECATION WARNING: please use MorganGenerator
[10:35:31] DEPRECATION WARNING: please use MorganGenerator
[10:35:31] DEPRECATION WARNING: please use MorganGenerator
[10:35:31] DEPRECATION WARNING: please use MorganGenerator
[10:35:31] DEPRECATION WARNING: please use MorganGenerator
[10:35:31] DEPRECATION WARNING: please use MorganGenerator
[10:35:31] DEPRECATION WARNING: please use MorganGenerator
[10:35:31] DEPRECATION WARNING: please use MorganGenerator
[10:35:31] DEPRECATION WARNING: please use MorganGenerator
[10:35:31] DEPRECATION WARNING: please use MorganGenerator
[10:35:31] DEPRECATION WARNING: please use MorganGenerator
[10:35:31] DEPRECATION WARNING: please use MorganGenerator
[10:35:31] DEPRECATION WARNING: please use MorganGenerator
[10:35:31] DEPRECATION WARNING: please use MorganGenerator
[10:35:31] DEPRECATION WARNING: please use MorganGenerator
[10:35:31] DEPRECATION WARNING: please use MorganGenerator
[10:35:31] DEPRECATION WARNING: please use MorganGenerator
[10:35:31] DEPRECATION WARNING: please use MorganGenerator
[10:35:31] DEPRECATION WARNING: please use MorganGenerator
[10:35:31] DEPRECATION WARNING: please use MorganGenerator
[10:35:31] DEPRECATION WARNING: please use MorganGenerator
[10:35:31] DEPRECATION WARNING: please use MorganGenerator
[10:35:31] DEPRECATION WARNING: please use MorganGenerator
[10:35:31] DEPRECATION WARNING: please use MorganGenerator
[10:35:31] DEPRECATION WARNING: please use MorganGenerator
[10:35:31] DEPRECATION WARNING: please use MorganGenerator
[10:35:31] DEPRECATION WARNING: please use MorganGenerator
[10:35:31] DEPRECATION WARNING: please use MorganGenerator
[10:35:31] DEPRECATION WARNING: please use MorganGenerator
[10:35:31] DEPRECATION WARNING: please use MorganGenerator
[10:35:31] DEPRECATION WARNING: please use MorganGenerator
[10:35:31] DEPRECATION WARNING: please use MorganGenerator
[10:35:31] DEPRECATION WARNING: please use MorganGenerator
[10:35:31] DEPRECATION WARNING: please use MorganGenerator
[10:35:31] DEPRECATION WARNING: please use MorganGenerator
[10:35:31] DEPRECATION WARNING: please use MorganGenerator
[10:35:31] DEPRECATION WARNING: please use MorganGenerator
[10:35:31] DEPRECATION WARNING: please use MorganGenerator
[10:35:31] DEPRECATION WARNING: please use MorganGenerator
[10:35:31] DEPRECATION WARNING: please use MorganGenerator
[10:35:31] DEPRECATION WARNING: please use MorganGenerator
[10:35:31] DEPRECATION WARNING: please use MorganGenerator
[10:35:31] DEPRECATION WARNING: please use MorganGenerator
[10:35:31] DEPRECATION WARNING: please use MorganGenerator
[10:35:31] DEPRECATION WARNING: please use MorganGenerator
[10:35:31] DEPRECATION WARNING: please use MorganGenerator
[10:35:31] DEPRECATION WARNING: please use MorganGenerator
[10:35:31] DEPRECATION WARNING: please use MorganGenerator
[10:35:31] DEPRECATION WARNING: please use MorganGenerator
[10:35:31] DEPRECATION WARNING: please use MorganGenerator
[10:35:32] DEPRECATION WARNING: please use MorganGenerator
[10:35:32] DEPRECATION WARNING: please use MorganGenerator
[10:35:32] DEPRECATION WARNING: please use MorganGenerator
[10:35:32] DEPRECATION WARNING: please use MorganGenerator
[10:35:32] DEPRECATION WARNING: please use MorganGenerator
[10:35:32] DEPRECATION WARNING: please use MorganGenerator
[10:35:32] DEPRECATION WARNING: please use MorganGenerator
[10:35:32] DEPRECATION WARNING: please use MorganGenerator
[10:35:32] DEPRECATION WARNING: please use MorganGenerator
[10:35:32] DEPRECATION WARNING: please use MorganGenerator
[10:35:32] DEPRECATION WARNING: please use MorganGenerator
[10:35:32] DEPRECATION WARNING: please use MorganGenerator
[10:35:32] DEPRECATION WARNING: please use MorganGenerator
[10:35:32] DEPRECATION WARNING: please use MorganGenerator
[10:35:32] DEPRECATION WARNING: please use MorganGenerator
[10:35:32] DEPRECATION WARNING: please use MorganGenerator
[10:35:32] DEPRECATION WARNING: please use MorganGenerator
[10:35:32] DEPRECATION WARNING: please use MorganGenerator
[10:35:32] DEPRECATION WARNING: please use MorganGenerator
[10:35:32] DEPRECATION WARNING: please use MorganGenerator
[10:35:32] DEPRECATION WARNING: please use MorganGenerator
[10:35:32] DEPRECATION WARNING: please use MorganGenerator
[10:35:32] DEPRECATION WARNING: please use MorganGenerator
[10:35:32] DEPRECATION WARNING: please use MorganGenerator
[10:35:32] DEPRECATION WARNING: please use MorganGenerator
[10:35:32] DEPRECATION WARNING: please use MorganGenerator
[10:35:32] DEPRECATION WARNING: please use MorganGenerator
[10:35:32] DEPRECATION WARNING: please use MorganGenerator
[10:35:32] DEPRECATION WARNING: please use MorganGenerator
[10:35:32] DEPRECATION WARNING: please use MorganGenerator
[10:35:32] DEPRECATION WARNING: please use MorganGenerator
[10:35:32] DEPRECATION WARNING: please use MorganGenerator
[10:35:32] DEPRECATION WARNING: please use MorganGenerator
[10:35:32] DEPRECATION WARNING: please use MorganGenerator
[10:35:32] DEPRECATION WARNING: please use MorganGenerator
[10:35:32] DEPRECATION WARNING: please use MorganGenerator
[10:35:32] DEPRECATION WARNING: please use MorganGenerator
[10:35:32] DEPRECATION WARNING: please use MorganGenerator
[10:35:32] DEPRECATION WARNING: please use MorganGenerator
[10:35:32] DEPRECATION WARNING: please use MorganGenerator
[10:35:32] DEPRECATION WARNING: please use MorganGenerator
[10:35:32] DEPRECATION WARNING: please use MorganGenerator
[10:35:32] DEPRECATION WARNING: please use MorganGenerator
[10:35:32] DEPRECATION WARNING: please use MorganGenerator
[10:35:32] DEPRECATION WARNING: please use MorganGenerator
[10:35:32] DEPRECATION WARNING: please use MorganGenerator
[10:35:32] DEPRECATION WARNING: please use MorganGenerator
[10:35:32] DEPRECATION WARNING: please use MorganGenerator
[10:35:32] DEPRECATION WARNING: please use MorganGenerator
[10:35:32] DEPRECATION WARNING: please use MorganGenerator
[10:35:32] DEPRECATION WARNING: please use MorganGenerator
[10:35:32] DEPRECATION WARNING: please use MorganGenerator
[10:35:32] DEPRECATION WARNING: please use MorganGenerator
[10:35:32] DEPRECATION WARNING: please use MorganGenerator
[10:35:32] DEPRECATION WARNING: please use MorganGenerator
[10:35:32] DEPRECATION WARNING: please use MorganGenerator
[10:35:32] DEPRECATION WARNING: please use MorganGenerator
[10:35:32] DEPRECATION WARNING: please use MorganGenerator
[10:35:32] DEPRECATION WARNING: please use MorganGenerator
[10:35:32] DEPRECATION WARNING: please use MorganGenerator
[10:35:32] DEPRECATION WARNING: please use MorganGenerator
[10:35:32] DEPRECATION WARNING: please use MorganGenerator
[10:35:32] DEPRECATION WARNING: please use MorganGenerator
[10:35:32] DEPRECATION WARNING: please use MorganGenerator
[10:35:32] DEPRECATION WARNING: please use MorganGenerator
[10:35:32] DEPRECATION WARNING: please use MorganGenerator
[10:35:32] DEPRECATION WARNING: please use MorganGenerator
[10:35:32] DEPRECATION WARNING: please use MorganGenerator
[10:35:32] DEPRECATION WARNING: please use MorganGenerator
[10:35:32] DEPRECATION WARNING: please use MorganGenerator
[10:35:32] DEPRECATION WARNING: please use MorganGenerator
[10:35:32] DEPRECATION WARNING: please use MorganGenerator
[10:35:32] DEPRECATION WARNING: please use MorganGenerator
[10:35:32] DEPRECATION WARNING: please use MorganGenerator
[10:35:32] DEPRECATION WARNING: please use MorganGenerator
[10:35:32] DEPRECATION WARNING: please use MorganGenerator
[10:35:32] DEPRECATION WARNING: please use MorganGenerator
[10:35:32] DEPRECATION WARNING: please use MorganGenerator
[10:35:32] DEPRECATION WARNING: please use MorganGenerator
[10:35:32] DEPRECATION WARNING: please use MorganGenerator
[10:35:32] DEPRECATION WARNING: please use MorganGenerator
[10:35:32] DEPRECATION WARNING: please use MorganGenerator
[10:35:32] DEPRECATION WARNING: please use MorganGenerator
[10:35:32] DEPRECATION WARNING: please use MorganGenerator
[10:35:32] DEPRECATION WARNING: please use MorganGenerator
[10:35:32] DEPRECATION WARNING: please use MorganGenerator
[10:35:32] DEPRECATION WARNING: please use MorganGenerator
[10:35:32] DEPRECATION WARNING: please use MorganGenerator
[10:35:32] DEPRECATION WARNING: please use MorganGenerator
[10:35:32] DEPRECATION WARNING: please use MorganGenerator
[10:35:32] DEPRECATION WARNING: please use MorganGenerator
[10:35:32] DEPRECATION WARNING: please use MorganGenerator
[10:35:32] DEPRECATION WARNING: please use MorganGenerator
[10:35:32] DEPRECATION WARNING: please use MorganGenerator
[10:35:32] DEPRECATION WARNING: please use MorganGenerator
[10:35:32] DEPRECATION WARNING: please use MorganGenerator
[10:35:32] DEPRECATION WARNING: please use MorganGenerator
[10:35:32] DEPRECATION WARNING: please use MorganGenerator
[10:35:32] DEPRECATION WARNING: please use MorganGenerator
[10:35:32] DEPRECATION WARNING: please use MorganGenerator
[10:35:32] DEPRECATION WARNING: please use MorganGenerator
[10:35:32] DEPRECATION WARNING: please use MorganGenerator
[10:35:32] DEPRECATION WARNING: please use MorganGenerator
[10:35:32] DEPRECATION WARNING: please use MorganGenerator
[10:35:32] DEPRECATION WARNING: please use MorganGenerator
[10:35:32] DEPRECATION WARNING: please use MorganGenerator
[10:35:32] DEPRECATION WARNING: please use MorganGenerator
[10:35:32] DEPRECATION WARNING: please use MorganGenerator
[10:35:32] DEPRECATION WARNING: please use MorganGenerator
[10:35:32] DEPRECATION WARNING: please use MorganGenerator
[10:35:32] DEPRECATION WARNING: please use MorganGenerator
[10:35:32] DEPRECATION WARNING: please use MorganGenerator
[10:35:32] DEPRECATION WARNING: please use MorganGenerator
[10:35:32] DEPRECATION WARNING: please use MorganGenerator
[10:35:32] DEPRECATION WARNING: please use MorganGenerator
[10:35:32] DEPRECATION WARNING: please use MorganGenerator
[10:35:32] DEPRECATION WARNING: please use MorganGenerator
[10:35:32] DEPRECATION WARNING: please use MorganGenerator
[10:35:32] DEPRECATION WARNING: please use MorganGenerator
[10:35:32] DEPRECATION WARNING: please use MorganGenerator
[10:35:32] DEPRECATION WARNING: please use MorganGenerator
[10:35:32] DEPRECATION WARNING: please use MorganGenerator
[10:35:32] DEPRECATION WARNING: please use MorganGenerator
[10:35:32] DEPRECATION WARNING: please use MorganGenerator
[10:35:32] DEPRECATION WARNING: please use MorganGenerator
[10:35:32] DEPRECATION WARNING: please use MorganGenerator
[10:35:32] DEPRECATION WARNING: please use MorganGenerator
[10:35:32] DEPRECATION WARNING: please use MorganGenerator
[10:35:32] DEPRECATION WARNING: please use MorganGenerator
[10:35:32] DEPRECATION WARNING: please use MorganGenerator
[10:35:32] DEPRECATION WARNING: please use MorganGenerator
[10:35:32] DEPRECATION WARNING: please use MorganGenerator
[10:35:32] DEPRECATION WARNING: please use MorganGenerator
[10:35:32] DEPRECATION WARNING: please use MorganGenerator
[10:35:32] DEPRECATION WARNING: please use MorganGenerator
[10:35:32] DEPRECATION WARNING: please use MorganGenerator
[10:35:32] DEPRECATION WARNING: please use MorganGenerator
[10:35:32] DEPRECATION WARNING: please use MorganGenerator
[10:35:32] DEPRECATION WARNING: please use MorganGenerator
[10:35:32] DEPRECATION WARNING: please use MorganGenerator
[10:35:32] DEPRECATION WARNING: please use MorganGenerator
[10:35:32] DEPRECATION WARNING: please use MorganGenerator
[10:35:32] DEPRECATION WARNING: please use MorganGenerator
[10:35:32] DEPRECATION WARNING: please use MorganGenerator
[10:35:32] DEPRECATION WARNING: please use MorganGenerator
[10:35:32] DEPRECATION WARNING: please use MorganGenerator
[10:35:32] DEPRECATION WARNING: please use MorganGenerator
[10:35:32] DEPRECATION WARNING: please use MorganGenerator
[10:35:32] DEPRECATION WARNING: please use MorganGenerator
[10:35:32] DEPRECATION WARNING: please use MorganGenerator
[10:35:32] DEPRECATION WARNING: please use MorganGenerator
[10:35:32] DEPRECATION WARNING: please use MorganGenerator
[10:35:32] DEPRECATION WARNING: please use MorganGenerator
[10:35:32] DEPRECATION WARNING: please use MorganGenerator
[10:35:32] DEPRECATION WARNING: please use MorganGenerator
[10:35:32] DEPRECATION WARNING: please use MorganGenerator
[10:35:32] DEPRECATION WARNING: please use MorganGenerator
[10:35:32] DEPRECATION WARNING: please use MorganGenerator
[10:35:32] DEPRECATION WARNING: please use MorganGenerator
[10:35:32] DEPRECATION WARNING: please use MorganGenerator
[10:35:32] DEPRECATION WARNING: please use MorganGenerator
[10:35:32] DEPRECATION WARNING: please use MorganGenerator
[10:35:32] DEPRECATION WARNING: please use MorganGenerator
[10:35:32] DEPRECATION WARNING: please use MorganGenerator
[10:35:32] DEPRECATION WARNING: please use MorganGenerator
[10:35:32] DEPRECATION WARNING: please use MorganGenerator
[10:35:32] DEPRECATION WARNING: please use MorganGenerator
[10:35:32] DEPRECATION WARNING: please use MorganGenerator
[10:35:32] DEPRECATION WARNING: please use MorganGenerator
[10:35:32] DEPRECATION WARNING: please use MorganGenerator
[10:35:32] DEPRECATION WARNING: please use MorganGenerator
[10:35:32] DEPRECATION WARNING: please use MorganGenerator
[10:35:32] DEPRECATION WARNING: please use MorganGenerator
[10:35:32] DEPRECATION WARNING: please use MorganGenerator
[10:35:32] DEPRECATION WARNING: please use MorganGenerator
[10:35:32] DEPRECATION WARNING: please use MorganGenerator
[10:35:32] DEPRECATION WARNING: please use MorganGenerator
[10:35:32] DEPRECATION WARNING: please use MorganGenerator
[10:35:32] DEPRECATION WARNING: please use MorganGenerator
[10:35:32] DEPRECATION WARNING: please use MorganGenerator
[10:35:32] DEPRECATION WARNING: please use MorganGenerator
[10:35:32] DEPRECATION WARNING: please use MorganGenerator
[10:35:32] DEPRECATION WARNING: please use MorganGenerator
[10:35:32] DEPRECATION WARNING: please use MorganGenerator
[10:35:32] DEPRECATION WARNING: please use MorganGenerator
[10:35:32] DEPRECATION WARNING: please use MorganGenerator
[10:35:32] DEPRECATION WARNING: please use MorganGenerator
[10:35:32] DEPRECATION WARNING: please use MorganGenerator
[10:35:32] DEPRECATION WARNING: please use MorganGenerator
[10:35:32] DEPRECATION WARNING: please use MorganGenerator
[10:35:32] DEPRECATION WARNING: please use MorganGenerator
[10:35:32] DEPRECATION WARNING: please use MorganGenerator
[10:35:32] DEPRECATION WARNING: please use MorganGenerator
[10:35:32] DEPRECATION WARNING: please use MorganGenerator
[10:35:32] DEPRECATION WARNING: please use MorganGenerator
[10:35:32] DEPRECATION WARNING: please use MorganGenerator
[10:35:32] DEPRECATION WARNING: please use MorganGenerator
[10:35:32] DEPRECATION WARNING: please use MorganGenerator
[10:35:32] DEPRECATION WARNING: please use MorganGenerator
[10:35:32] DEPRECATION WARNING: please use MorganGenerator
[10:35:32] DEPRECATION WARNING: please use MorganGenerator
[10:35:32] DEPRECATION WARNING: please use MorganGenerator
[10:35:32] DEPRECATION WARNING: please use MorganGenerator
[10:35:32] DEPRECATION WARNING: please use MorganGenerator
[10:35:32] DEPRECATION WARNING: please use MorganGenerator
[10:35:32] DEPRECATION WARNING: please use MorganGenerator
[10:35:32] DEPRECATION WARNING: please use MorganGenerator
[10:35:32] DEPRECATION WARNING: please use MorganGenerator
[10:35:32] DEPRECATION WARNING: please use MorganGenerator
[10:35:32] DEPRECATION WARNING: please use MorganGenerator
[10:35:32] DEPRECATION WARNING: please use MorganGenerator
[10:35:32] DEPRECATION WARNING: please use MorganGenerator
[10:35:32] DEPRECATION WARNING: please use MorganGenerator
[10:35:32] DEPRECATION WARNING: please use MorganGenerator
[10:35:32] DEPRECATION WARNING: please use MorganGenerator
[10:35:32] DEPRECATION WARNING: please use MorganGenerator
[10:35:32] DEPRECATION WARNING: please use MorganGenerator
[10:35:32] DEPRECATION WARNING: please use MorganGenerator
[10:35:32] DEPRECATION WARNING: please use MorganGenerator
[10:35:32] DEPRECATION WARNING: please use MorganGenerator
[10:35:32] DEPRECATION WARNING: please use MorganGenerator
[10:35:32] DEPRECATION WARNING: please use MorganGenerator
[10:35:32] DEPRECATION WARNING: please use MorganGenerator
[10:35:32] DEPRECATION WARNING: please use MorganGenerator
[10:35:32] DEPRECATION WARNING: please use MorganGenerator
[10:35:32] DEPRECATION WARNING: please use MorganGenerator
[10:35:32] DEPRECATION WARNING: please use MorganGenerator
[10:35:32] DEPRECATION WARNING: please use MorganGenerator
[10:35:32] DEPRECATION WARNING: please use MorganGenerator
[10:35:32] DEPRECATION WARNING: please use MorganGenerator
[10:35:32] DEPRECATION WARNING: please use MorganGenerator
[10:35:32] DEPRECATION WARNING: please use MorganGenerator
⚠️  XGBoost not available, will skip XGB base model
================================================================================
PHASE 4 PATH 3: STACKING ENSEMBLE
================================================================================

[SETUP] Loading data and computing features...
Extracting src/data/chembl_34_sqlite.tar.gz...
Found database: /var/folders/jl/_rwgsk7d7nndr2dwx02gtvx80000gn/T/tmpo8tu5uk2/chembl_34/chembl_34_sqlite/chembl_34.db
Found 500 molecules in database
✓ Loaded 500 molecules from ChemBL database
  ✓ Loaded 500 molecules
  Computing Morgan fingerprints...
  ✓ Feature matrix: (500, 115)D

[STACK] Generating meta-features via 5-fold stacking...
  ⚠️  Skipping XGBoost (not installed)
  ✓ 9 base models configured
  ✓ Performing 5-fold stacking...
  Fold 1/5...
  Fold 2/5...
  Fold 3/5...
  Fold 4/5...
  Fold 5/5...
  ✓ Meta-features generated: train (425, 9), test (75, 9)

[META] Training meta-learner...

================================================================================
PATH 3 STACKING ENSEMBLE RESULTS
================================================================================

▶ PERFORMANCE:
  • Baseline (Approach 1):         76.0%
  • Path 3 (Stacking):             77.3%
  • Improvement:                   +1.3pp
  • CV Mean ± Std:                 76.6% ± 5.6%
  • RMSE:                          0.6034
  • MAPE:                          0.2380

▶ ARCHITECTURE:
  • Input features:                115D
  • Base models:                   9
  • Stacking folds:                5
  • Meta-features:                 9D
  • Meta-learner:                  Gradient Boosting (depth=3)

▶ BASE MODEL LIST:
   1. linear
   2. ridge
   3. lasso
   4. rf_shallow
   5. rf_deep
   6. gb_slow
   7. gb_fast
   8. svr
   9. knn

▶ META-LEARNER FEATURE IMPORTANCE:
   1. ridge          : 0.4631
   2. linear         : 0.2332
   3. lasso          : 0.1773
   4. svr            : 0.0535
   5. rf_deep        : 0.0204
   6. gb_slow        : 0.0192
   7. gb_fast        : 0.0191
   8. rf_shallow     : 0.0123
   9. knn            : 0.0020

✓ Results saved to phase4_path3_stacking_results.json
================================================================================

⏱️  Total time: 1.6 minutes

Final Sprint Progress:
  Baseline:        76.0%
  Path 1 best:     79-81%
  Path 1 + 2:      81-84%
  Path 1 + 2 + 3:  82-86%
