[14:23:37] DEPRECATION WARNING: please use MorganGenerator
[14:23:37] DEPRECATION WARNING: please use MorganGenerator
[14:23:37] DEPRECATION WARNING: please use MorganGenerator
[14:23:37] DEPRECATION WARNING: please use MorganGenerator
[14:23:37] DEPRECATION WARNING: please use MorganGenerator
[14:23:37] DEPRECATION WARNING: please use MorganGenerator
[14:23:37] DEPRECATION WARNING: please use MorganGenerator
[14:23:37] DEPRECATION WARNING: please use MorganGenerator
[14:23:37] DEPRECATION WARNING: please use MorganGenerator
[14:23:37] DEPRECATION WARNING: please use MorganGenerator
[14:23:37] DEPRECATION WARNING: please use MorganGenerator
[14:23:37] DEPRECATION WARNING: please use MorganGenerator
[14:23:37] DEPRECATION WARNING: please use MorganGenerator
[14:23:37] DEPRECATION WARNING: please use MorganGenerator
[14:23:37] DEPRECATION WARNING: please use MorganGenerator
[14:23:37] DEPRECATION WARNING: please use MorganGenerator
[14:23:37] DEPRECATION WARNING: please use MorganGenerator
[14:23:37] DEPRECATION WARNING: please use MorganGenerator
[14:23:37] DEPRECATION WARNING: please use MorganGenerator
[14:23:37] DEPRECATION WARNING: please use MorganGenerator
[14:23:37] DEPRECATION WARNING: please use MorganGenerator
[14:23:37] DEPRECATION WARNING: please use MorganGenerator
[14:23:37] DEPRECATION WARNING: please use MorganGenerator
[14:23:37] DEPRECATION WARNING: please use MorganGenerator
[14:23:37] DEPRECATION WARNING: please use MorganGenerator
[14:23:37] DEPRECATION WARNING: please use MorganGenerator
[14:23:37] DEPRECATION WARNING: please use MorganGenerator
[14:23:37] DEPRECATION WARNING: please use MorganGenerator
[14:23:37] DEPRECATION WARNING: please use MorganGenerator
[14:23:37] DEPRECATION WARNING: please use MorganGenerator
[14:23:37] DEPRECATION WARNING: please use MorganGenerator
[14:23:37] DEPRECATION WARNING: please use MorganGenerator
[14:23:37] DEPRECATION WARNING: please use MorganGenerator
[14:23:37] DEPRECATION WARNING: please use MorganGenerator
[14:23:37] DEPRECATION WARNING: please use MorganGenerator
[14:23:37] DEPRECATION WARNING: please use MorganGenerator
[14:23:37] DEPRECATION WARNING: please use MorganGenerator
[14:23:37] DEPRECATION WARNING: please use MorganGenerator
[14:23:37] DEPRECATION WARNING: please use MorganGenerator
[14:23:37] DEPRECATION WARNING: please use MorganGenerator
[14:23:37] DEPRECATION WARNING: please use MorganGenerator
[14:23:37] DEPRECATION WARNING: please use MorganGenerator
[14:23:37] DEPRECATION WARNING: please use MorganGenerator
[14:23:37] DEPRECATION WARNING: please use MorganGenerator
[14:23:37] DEPRECATION WARNING: please use MorganGenerator
[14:23:37] DEPRECATION WARNING: please use MorganGenerator
[14:23:37] DEPRECATION WARNING: please use MorganGenerator
[14:23:37] DEPRECATION WARNING: please use MorganGenerator
[14:23:37] DEPRECATION WARNING: please use MorganGenerator
[14:23:37] DEPRECATION WARNING: please use MorganGenerator
[14:23:37] DEPRECATION WARNING: please use MorganGenerator
[14:23:37] DEPRECATION WARNING: please use MorganGenerator
[14:23:37] DEPRECATION WARNING: please use MorganGenerator
[14:23:37] DEPRECATION WARNING: please use MorganGenerator
[14:23:37] DEPRECATION WARNING: please use MorganGenerator
[14:23:37] DEPRECATION WARNING: please use MorganGenerator
[14:23:37] DEPRECATION WARNING: please use MorganGenerator
[14:23:37] DEPRECATION WARNING: please use MorganGenerator
[14:23:37] DEPRECATION WARNING: please use MorganGenerator
[14:23:37] DEPRECATION WARNING: please use MorganGenerator
[14:23:37] DEPRECATION WARNING: please use MorganGenerator
[14:23:37] DEPRECATION WARNING: please use MorganGenerator
[14:23:37] DEPRECATION WARNING: please use MorganGenerator
[14:23:37] DEPRECATION WARNING: please use MorganGenerator
[14:23:37] DEPRECATION WARNING: please use MorganGenerator
[14:23:37] DEPRECATION WARNING: please use MorganGenerator
[14:23:37] DEPRECATION WARNING: please use MorganGenerator
[14:23:37] DEPRECATION WARNING: please use MorganGenerator
[14:23:37] DEPRECATION WARNING: please use MorganGenerator
[14:23:37] DEPRECATION WARNING: please use MorganGenerator
[14:23:37] DEPRECATION WARNING: please use MorganGenerator
[14:23:37] DEPRECATION WARNING: please use MorganGenerator
[14:23:37] DEPRECATION WARNING: please use MorganGenerator
[14:23:37] DEPRECATION WARNING: please use MorganGenerator
[14:23:37] DEPRECATION WARNING: please use MorganGenerator
[14:23:37] DEPRECATION WARNING: please use MorganGenerator
[14:23:37] DEPRECATION WARNING: please use MorganGenerator
[14:23:37] DEPRECATION WARNING: please use MorganGenerator
[14:23:37] DEPRECATION WARNING: please use MorganGenerator
[14:23:37] DEPRECATION WARNING: please use MorganGenerator
[14:23:37] DEPRECATION WARNING: please use MorganGenerator
[14:23:37] DEPRECATION WARNING: please use MorganGenerator
[14:23:37] DEPRECATION WARNING: please use MorganGenerator
[14:23:37] DEPRECATION WARNING: please use MorganGenerator
[14:23:37] DEPRECATION WARNING: please use MorganGenerator
[14:23:37] DEPRECATION WARNING: please use MorganGenerator
[14:23:37] DEPRECATION WARNING: please use MorganGenerator
[14:23:37] DEPRECATION WARNING: please use MorganGenerator
[14:23:37] DEPRECATION WARNING: please use MorganGenerator
[14:23:37] DEPRECATION WARNING: please use MorganGenerator
[14:23:37] DEPRECATION WARNING: please use MorganGenerator
[14:23:37] DEPRECATION WARNING: please use MorganGenerator
[14:23:37] DEPRECATION WARNING: please use MorganGenerator
[14:23:37] DEPRECATION WARNING: please use MorganGenerator
[14:23:37] DEPRECATION WARNING: please use MorganGenerator
[14:23:37] DEPRECATION WARNING: please use MorganGenerator
[14:23:37] DEPRECATION WARNING: please use MorganGenerator
[14:23:37] DEPRECATION WARNING: please use MorganGenerator
[14:23:37] DEPRECATION WARNING: please use MorganGenerator
[14:23:37] DEPRECATION WARNING: please use MorganGenerator
[14:23:37] DEPRECATION WARNING: please use MorganGenerator
[14:23:37] DEPRECATION WARNING: please use MorganGenerator
[14:23:37] DEPRECATION WARNING: please use MorganGenerator
[14:23:37] DEPRECATION WARNING: please use MorganGenerator
[14:23:37] DEPRECATION WARNING: please use MorganGenerator
[14:23:37] DEPRECATION WARNING: please use MorganGenerator
[14:23:37] DEPRECATION WARNING: please use MorganGenerator
[14:23:37] DEPRECATION WARNING: please use MorganGenerator
[14:23:37] DEPRECATION WARNING: please use MorganGenerator
[14:23:37] DEPRECATION WARNING: please use MorganGenerator
[14:23:37] DEPRECATION WARNING: please use MorganGenerator
[14:23:37] DEPRECATION WARNING: please use MorganGenerator
[14:23:37] DEPRECATION WARNING: please use MorganGenerator
[14:23:37] DEPRECATION WARNING: please use MorganGenerator
[14:23:37] DEPRECATION WARNING: please use MorganGenerator
[14:23:37] DEPRECATION WARNING: please use MorganGenerator
[14:23:37] DEPRECATION WARNING: please use MorganGenerator
[14:23:37] DEPRECATION WARNING: please use MorganGenerator
[14:23:37] DEPRECATION WARNING: please use MorganGenerator
[14:23:37] DEPRECATION WARNING: please use MorganGenerator
[14:23:37] DEPRECATION WARNING: please use MorganGenerator
[14:23:37] DEPRECATION WARNING: please use MorganGenerator
[14:23:37] DEPRECATION WARNING: please use MorganGenerator
[14:23:37] DEPRECATION WARNING: please use MorganGenerator
[14:23:37] DEPRECATION WARNING: please use MorganGenerator
[14:23:37] DEPRECATION WARNING: please use MorganGenerator
[14:23:37] DEPRECATION WARNING: please use MorganGenerator
[14:23:37] DEPRECATION WARNING: please use MorganGenerator
[14:23:37] DEPRECATION WARNING: please use MorganGenerator
[14:23:37] DEPRECATION WARNING: please use MorganGenerator
[14:23:37] DEPRECATION WARNING: please use MorganGenerator
[14:23:37] DEPRECATION WARNING: please use MorganGenerator
[14:23:37] DEPRECATION WARNING: please use MorganGenerator
[14:23:37] DEPRECATION WARNING: please use MorganGenerator
[14:23:37] DEPRECATION WARNING: please use MorganGenerator
[14:23:37] DEPRECATION WARNING: please use MorganGenerator
[14:23:37] DEPRECATION WARNING: please use MorganGenerator
[14:23:37] DEPRECATION WARNING: please use MorganGenerator
[14:23:37] DEPRECATION WARNING: please use MorganGenerator
[14:23:37] DEPRECATION WARNING: please use MorganGenerator
[14:23:37] DEPRECATION WARNING: please use MorganGenerator
[14:23:37] DEPRECATION WARNING: please use MorganGenerator
[14:23:37] DEPRECATION WARNING: please use MorganGenerator
[14:23:37] DEPRECATION WARNING: please use MorganGenerator
[14:23:37] DEPRECATION WARNING: please use MorganGenerator
[14:23:37] DEPRECATION WARNING: please use MorganGenerator
[14:23:37] DEPRECATION WARNING: please use MorganGenerator
[14:23:37] DEPRECATION WARNING: please use MorganGenerator
[14:23:37] DEPRECATION WARNING: please use MorganGenerator
[14:23:37] DEPRECATION WARNING: please use MorganGenerator
[14:23:37] DEPRECATION WARNING: please use MorganGenerator
[14:23:37] DEPRECATION WARNING: please use MorganGenerator
[14:23:37] DEPRECATION WARNING: please use MorganGenerator
[14:23:37] DEPRECATION WARNING: please use MorganGenerator
[14:23:37] DEPRECATION WARNING: please use MorganGenerator
[14:23:37] DEPRECATION WARNING: please use MorganGenerator
[14:23:37] DEPRECATION WARNING: please use MorganGenerator
[14:23:37] DEPRECATION WARNING: please use MorganGenerator
[14:23:37] DEPRECATION WARNING: please use MorganGenerator
[14:23:37] DEPRECATION WARNING: please use MorganGenerator
[14:23:37] DEPRECATION WARNING: please use MorganGenerator
[14:23:37] DEPRECATION WARNING: please use MorganGenerator
[14:23:37] DEPRECATION WARNING: please use MorganGenerator
[14:23:37] DEPRECATION WARNING: please use MorganGenerator
[14:23:37] DEPRECATION WARNING: please use MorganGenerator
[14:23:37] DEPRECATION WARNING: please use MorganGenerator
[14:23:37] DEPRECATION WARNING: please use MorganGenerator
[14:23:37] DEPRECATION WARNING: please use MorganGenerator
[14:23:37] DEPRECATION WARNING: please use MorganGenerator
[14:23:37] DEPRECATION WARNING: please use MorganGenerator
[14:23:37] DEPRECATION WARNING: please use MorganGenerator
[14:23:37] DEPRECATION WARNING: please use MorganGenerator
[14:23:37] DEPRECATION WARNING: please use MorganGenerator
[14:23:37] DEPRECATION WARNING: please use MorganGenerator
[14:23:37] DEPRECATION WARNING: please use MorganGenerator
[14:23:37] DEPRECATION WARNING: please use MorganGenerator
[14:23:37] DEPRECATION WARNING: please use MorganGenerator
[14:23:37] DEPRECATION WARNING: please use MorganGenerator
[14:23:37] DEPRECATION WARNING: please use MorganGenerator
[14:23:37] DEPRECATION WARNING: please use MorganGenerator
[14:23:37] DEPRECATION WARNING: please use MorganGenerator
[14:23:37] DEPRECATION WARNING: please use MorganGenerator
[14:23:37] DEPRECATION WARNING: please use MorganGenerator
[14:23:37] DEPRECATION WARNING: please use MorganGenerator
[14:23:37] DEPRECATION WARNING: please use MorganGenerator
[14:23:37] DEPRECATION WARNING: please use MorganGenerator
[14:23:37] DEPRECATION WARNING: please use MorganGenerator
[14:23:37] DEPRECATION WARNING: please use MorganGenerator
[14:23:37] DEPRECATION WARNING: please use MorganGenerator
[14:23:37] DEPRECATION WARNING: please use MorganGenerator
[14:23:37] DEPRECATION WARNING: please use MorganGenerator
[14:23:37] DEPRECATION WARNING: please use MorganGenerator
[14:23:37] DEPRECATION WARNING: please use MorganGenerator
[14:23:37] DEPRECATION WARNING: please use MorganGenerator
[14:23:37] DEPRECATION WARNING: please use MorganGenerator
[14:23:37] DEPRECATION WARNING: please use MorganGenerator
[14:23:37] DEPRECATION WARNING: please use MorganGenerator
[14:23:37] DEPRECATION WARNING: please use MorganGenerator
[14:23:37] DEPRECATION WARNING: please use MorganGenerator
[14:23:37] DEPRECATION WARNING: please use MorganGenerator
[14:23:37] DEPRECATION WARNING: please use MorganGenerator
[14:23:37] DEPRECATION WARNING: please use MorganGenerator
[14:23:37] DEPRECATION WARNING: please use MorganGenerator
[14:23:37] DEPRECATION WARNING: please use MorganGenerator
[14:23:37] DEPRECATION WARNING: please use MorganGenerator
[14:23:37] DEPRECATION WARNING: please use MorganGenerator
[14:23:37] DEPRECATION WARNING: please use MorganGenerator
[14:23:37] DEPRECATION WARNING: please use MorganGenerator
[14:23:37] DEPRECATION WARNING: please use MorganGenerator
[14:23:37] DEPRECATION WARNING: please use MorganGenerator
[14:23:37] DEPRECATION WARNING: please use MorganGenerator
[14:23:37] DEPRECATION WARNING: please use MorganGenerator
[14:23:37] DEPRECATION WARNING: please use MorganGenerator
[14:23:37] DEPRECATION WARNING: please use MorganGenerator
[14:23:37] DEPRECATION WARNING: please use MorganGenerator
[14:23:37] DEPRECATION WARNING: please use MorganGenerator
[14:23:37] DEPRECATION WARNING: please use MorganGenerator
[14:23:37] DEPRECATION WARNING: please use MorganGenerator
[14:23:37] DEPRECATION WARNING: please use MorganGenerator
[14:23:37] DEPRECATION WARNING: please use MorganGenerator
[14:23:37] DEPRECATION WARNING: please use MorganGenerator
[14:23:37] DEPRECATION WARNING: please use MorganGenerator
[14:23:37] DEPRECATION WARNING: please use MorganGenerator
[14:23:37] DEPRECATION WARNING: please use MorganGenerator
[14:23:37] DEPRECATION WARNING: please use MorganGenerator
[14:23:37] DEPRECATION WARNING: please use MorganGenerator
[14:23:37] DEPRECATION WARNING: please use MorganGenerator
[14:23:37] DEPRECATION WARNING: please use MorganGenerator
[14:23:37] DEPRECATION WARNING: please use MorganGenerator
[14:23:37] DEPRECATION WARNING: please use MorganGenerator
[14:23:37] DEPRECATION WARNING: please use MorganGenerator
[14:23:37] DEPRECATION WARNING: please use MorganGenerator
[14:23:37] DEPRECATION WARNING: please use MorganGenerator
[14:23:37] DEPRECATION WARNING: please use MorganGenerator
[14:23:37] DEPRECATION WARNING: please use MorganGenerator
[14:23:37] DEPRECATION WARNING: please use MorganGenerator
[14:23:37] DEPRECATION WARNING: please use MorganGenerator
[14:23:37] DEPRECATION WARNING: please use MorganGenerator
[14:23:37] DEPRECATION WARNING: please use MorganGenerator
[14:23:37] DEPRECATION WARNING: please use MorganGenerator
[14:23:37] DEPRECATION WARNING: please use MorganGenerator
[14:23:37] DEPRECATION WARNING: please use MorganGenerator
[14:23:37] DEPRECATION WARNING: please use MorganGenerator
[14:23:37] DEPRECATION WARNING: please use MorganGenerator
[14:23:37] DEPRECATION WARNING: please use MorganGenerator
[14:23:37] DEPRECATION WARNING: please use MorganGenerator
[14:23:37] DEPRECATION WARNING: please use MorganGenerator
[14:23:37] DEPRECATION WARNING: please use MorganGenerator
[14:23:37] DEPRECATION WARNING: please use MorganGenerator
[14:23:37] DEPRECATION WARNING: please use MorganGenerator
[14:23:37] DEPRECATION WARNING: please use MorganGenerator
[14:23:37] DEPRECATION WARNING: please use MorganGenerator
[14:23:37] DEPRECATION WARNING: please use MorganGenerator
[14:23:37] DEPRECATION WARNING: please use MorganGenerator
[14:23:37] DEPRECATION WARNING: please use MorganGenerator
[14:23:37] DEPRECATION WARNING: please use MorganGenerator
[14:23:37] DEPRECATION WARNING: please use MorganGenerator
[14:23:37] DEPRECATION WARNING: please use MorganGenerator
[14:23:37] DEPRECATION WARNING: please use MorganGenerator
[14:23:37] DEPRECATION WARNING: please use MorganGenerator
[14:23:37] DEPRECATION WARNING: please use MorganGenerator
[14:23:37] DEPRECATION WARNING: please use MorganGenerator
[14:23:37] DEPRECATION WARNING: please use MorganGenerator
[14:23:37] DEPRECATION WARNING: please use MorganGenerator
[14:23:37] DEPRECATION WARNING: please use MorganGenerator
[14:23:37] DEPRECATION WARNING: please use MorganGenerator
[14:23:37] DEPRECATION WARNING: please use MorganGenerator
[14:23:37] DEPRECATION WARNING: please use MorganGenerator
[14:23:37] DEPRECATION WARNING: please use MorganGenerator
[14:23:37] DEPRECATION WARNING: please use MorganGenerator
[14:23:37] DEPRECATION WARNING: please use MorganGenerator
[14:23:37] DEPRECATION WARNING: please use MorganGenerator
[14:23:37] DEPRECATION WARNING: please use MorganGenerator
[14:23:37] DEPRECATION WARNING: please use MorganGenerator
[14:23:37] DEPRECATION WARNING: please use MorganGenerator
[14:23:37] DEPRECATION WARNING: please use MorganGenerator
[14:23:37] DEPRECATION WARNING: please use MorganGenerator
[14:23:37] DEPRECATION WARNING: please use MorganGenerator
[14:23:37] DEPRECATION WARNING: please use MorganGenerator
[14:23:37] DEPRECATION WARNING: please use MorganGenerator
[14:23:37] DEPRECATION WARNING: please use MorganGenerator
[14:23:37] DEPRECATION WARNING: please use MorganGenerator
[14:23:37] DEPRECATION WARNING: please use MorganGenerator
[14:23:37] DEPRECATION WARNING: please use MorganGenerator
[14:23:37] DEPRECATION WARNING: please use MorganGenerator
[14:23:37] DEPRECATION WARNING: please use MorganGenerator
[14:23:37] DEPRECATION WARNING: please use MorganGenerator
[14:23:37] DEPRECATION WARNING: please use MorganGenerator
[14:23:37] DEPRECATION WARNING: please use MorganGenerator
[14:23:37] DEPRECATION WARNING: please use MorganGenerator
[14:23:37] DEPRECATION WARNING: please use MorganGenerator
[14:23:37] DEPRECATION WARNING: please use MorganGenerator
[14:23:37] DEPRECATION WARNING: please use MorganGenerator
[14:23:37] DEPRECATION WARNING: please use MorganGenerator
[14:23:37] DEPRECATION WARNING: please use MorganGenerator
[14:23:37] DEPRECATION WARNING: please use MorganGenerator
[14:23:37] DEPRECATION WARNING: please use MorganGenerator
[14:23:37] DEPRECATION WARNING: please use MorganGenerator
[14:23:37] DEPRECATION WARNING: please use MorganGenerator
[14:23:37] DEPRECATION WARNING: please use MorganGenerator
[14:23:37] DEPRECATION WARNING: please use MorganGenerator
[14:23:37] DEPRECATION WARNING: please use MorganGenerator
[14:23:37] DEPRECATION WARNING: please use MorganGenerator
[14:23:37] DEPRECATION WARNING: please use MorganGenerator
[14:23:37] DEPRECATION WARNING: please use MorganGenerator
[14:23:37] DEPRECATION WARNING: please use MorganGenerator
[14:23:37] DEPRECATION WARNING: please use MorganGenerator
[14:23:37] DEPRECATION WARNING: please use MorganGenerator
[14:23:37] DEPRECATION WARNING: please use MorganGenerator
[14:23:37] DEPRECATION WARNING: please use MorganGenerator
[14:23:37] DEPRECATION WARNING: please use MorganGenerator
[14:23:37] DEPRECATION WARNING: please use MorganGenerator
[14:23:37] DEPRECATION WARNING: please use MorganGenerator
[14:23:37] DEPRECATION WARNING: please use MorganGenerator
[14:23:37] DEPRECATION WARNING: please use MorganGenerator
[14:23:37] DEPRECATION WARNING: please use MorganGenerator
[14:23:37] DEPRECATION WARNING: please use MorganGenerator
[14:23:37] DEPRECATION WARNING: please use MorganGenerator
[14:23:37] DEPRECATION WARNING: please use MorganGenerator
[14:23:37] DEPRECATION WARNING: please use MorganGenerator
[14:23:37] DEPRECATION WARNING: please use MorganGenerator
[14:23:37] DEPRECATION WARNING: please use MorganGenerator
[14:23:37] DEPRECATION WARNING: please use MorganGenerator
[14:23:37] DEPRECATION WARNING: please use MorganGenerator
[14:23:37] DEPRECATION WARNING: please use MorganGenerator
[14:23:37] DEPRECATION WARNING: please use MorganGenerator
[14:23:37] DEPRECATION WARNING: please use MorganGenerator
[14:23:37] DEPRECATION WARNING: please use MorganGenerator
[14:23:37] DEPRECATION WARNING: please use MorganGenerator
[14:23:37] DEPRECATION WARNING: please use MorganGenerator
[14:23:37] DEPRECATION WARNING: please use MorganGenerator
[14:23:37] DEPRECATION WARNING: please use MorganGenerator
[14:23:37] DEPRECATION WARNING: please use MorganGenerator
[14:23:37] DEPRECATION WARNING: please use MorganGenerator
[14:23:37] DEPRECATION WARNING: please use MorganGenerator
[14:23:37] DEPRECATION WARNING: please use MorganGenerator
[14:23:37] DEPRECATION WARNING: please use MorganGenerator
[14:23:37] DEPRECATION WARNING: please use MorganGenerator
[14:23:37] DEPRECATION WARNING: please use MorganGenerator
[14:23:37] DEPRECATION WARNING: please use MorganGenerator
[14:23:37] DEPRECATION WARNING: please use MorganGenerator
[14:23:37] DEPRECATION WARNING: please use MorganGenerator
[14:23:37] DEPRECATION WARNING: please use MorganGenerator
[14:23:37] DEPRECATION WARNING: please use MorganGenerator
[14:23:37] DEPRECATION WARNING: please use MorganGenerator
[14:23:37] DEPRECATION WARNING: please use MorganGenerator
[14:23:37] DEPRECATION WARNING: please use MorganGenerator
[14:23:37] DEPRECATION WARNING: please use MorganGenerator
[14:23:37] DEPRECATION WARNING: please use MorganGenerator
[14:23:37] DEPRECATION WARNING: please use MorganGenerator
[14:23:37] DEPRECATION WARNING: please use MorganGenerator
[14:23:37] DEPRECATION WARNING: please use MorganGenerator
[14:23:37] DEPRECATION WARNING: please use MorganGenerator
[14:23:37] DEPRECATION WARNING: please use MorganGenerator
[14:23:37] DEPRECATION WARNING: please use MorganGenerator
[14:23:37] DEPRECATION WARNING: please use MorganGenerator
[14:23:37] DEPRECATION WARNING: please use MorganGenerator
[14:23:37] DEPRECATION WARNING: please use MorganGenerator
[14:23:37] DEPRECATION WARNING: please use MorganGenerator
[14:23:37] DEPRECATION WARNING: please use MorganGenerator
[14:23:37] DEPRECATION WARNING: please use MorganGenerator
[14:23:37] DEPRECATION WARNING: please use MorganGenerator
[14:23:37] DEPRECATION WARNING: please use MorganGenerator
[14:23:37] DEPRECATION WARNING: please use MorganGenerator
[14:23:37] DEPRECATION WARNING: please use MorganGenerator
[14:23:37] DEPRECATION WARNING: please use MorganGenerator
[14:23:37] DEPRECATION WARNING: please use MorganGenerator
[14:23:37] DEPRECATION WARNING: please use MorganGenerator
[14:23:37] DEPRECATION WARNING: please use MorganGenerator
[14:23:37] DEPRECATION WARNING: please use MorganGenerator
[14:23:37] DEPRECATION WARNING: please use MorganGenerator
[14:23:37] DEPRECATION WARNING: please use MorganGenerator
[14:23:37] DEPRECATION WARNING: please use MorganGenerator
[14:23:37] DEPRECATION WARNING: please use MorganGenerator
[14:23:37] DEPRECATION WARNING: please use MorganGenerator
[14:23:37] DEPRECATION WARNING: please use MorganGenerator
[14:23:37] DEPRECATION WARNING: please use MorganGenerator
[14:23:37] DEPRECATION WARNING: please use MorganGenerator
[14:23:37] DEPRECATION WARNING: please use MorganGenerator
[14:23:37] DEPRECATION WARNING: please use MorganGenerator
[14:23:37] DEPRECATION WARNING: please use MorganGenerator
[14:23:37] DEPRECATION WARNING: please use MorganGenerator
[14:23:37] DEPRECATION WARNING: please use MorganGenerator
[14:23:37] DEPRECATION WARNING: please use MorganGenerator
[14:23:37] DEPRECATION WARNING: please use MorganGenerator
[14:23:37] DEPRECATION WARNING: please use MorganGenerator
[14:23:37] DEPRECATION WARNING: please use MorganGenerator
[14:23:37] DEPRECATION WARNING: please use MorganGenerator
[14:23:37] DEPRECATION WARNING: please use MorganGenerator
[14:23:37] DEPRECATION WARNING: please use MorganGenerator
[14:23:37] DEPRECATION WARNING: please use MorganGenerator
[14:23:37] DEPRECATION WARNING: please use MorganGenerator
[14:23:37] DEPRECATION WARNING: please use MorganGenerator
[14:23:37] DEPRECATION WARNING: please use MorganGenerator
[14:23:37] DEPRECATION WARNING: please use MorganGenerator
[14:23:37] DEPRECATION WARNING: please use MorganGenerator
[14:23:37] DEPRECATION WARNING: please use MorganGenerator
[14:23:37] DEPRECATION WARNING: please use MorganGenerator
[14:23:37] DEPRECATION WARNING: please use MorganGenerator
[14:23:37] DEPRECATION WARNING: please use MorganGenerator
[14:23:37] DEPRECATION WARNING: please use MorganGenerator
[14:23:37] DEPRECATION WARNING: please use MorganGenerator
[14:23:37] DEPRECATION WARNING: please use MorganGenerator
[14:23:37] DEPRECATION WARNING: please use MorganGenerator
[14:23:37] DEPRECATION WARNING: please use MorganGenerator
[14:23:37] DEPRECATION WARNING: please use MorganGenerator
[14:23:37] DEPRECATION WARNING: please use MorganGenerator
[14:23:37] DEPRECATION WARNING: please use MorganGenerator
[14:23:37] DEPRECATION WARNING: please use MorganGenerator
[14:23:37] DEPRECATION WARNING: please use MorganGenerator
[14:23:37] DEPRECATION WARNING: please use MorganGenerator
[14:23:37] DEPRECATION WARNING: please use MorganGenerator
[14:23:37] DEPRECATION WARNING: please use MorganGenerator
[14:23:37] DEPRECATION WARNING: please use MorganGenerator
[14:23:37] DEPRECATION WARNING: please use MorganGenerator
[14:23:37] DEPRECATION WARNING: please use MorganGenerator
[14:23:37] DEPRECATION WARNING: please use MorganGenerator
[14:23:37] DEPRECATION WARNING: please use MorganGenerator
[14:23:37] DEPRECATION WARNING: please use MorganGenerator
[14:23:37] DEPRECATION WARNING: please use MorganGenerator
[14:23:37] DEPRECATION WARNING: please use MorganGenerator
[14:23:37] DEPRECATION WARNING: please use MorganGenerator
[14:23:37] DEPRECATION WARNING: please use MorganGenerator
[14:23:37] DEPRECATION WARNING: please use MorganGenerator
[14:23:37] DEPRECATION WARNING: please use MorganGenerator
[14:23:37] DEPRECATION WARNING: please use MorganGenerator
[14:23:37] DEPRECATION WARNING: please use MorganGenerator
[14:23:37] DEPRECATION WARNING: please use MorganGenerator
[14:23:37] DEPRECATION WARNING: please use MorganGenerator
[14:23:37] DEPRECATION WARNING: please use MorganGenerator
[14:23:37] DEPRECATION WARNING: please use MorganGenerator
[14:23:37] DEPRECATION WARNING: please use MorganGenerator
[14:23:37] DEPRECATION WARNING: please use MorganGenerator
[14:23:37] DEPRECATION WARNING: please use MorganGenerator
[14:23:37] DEPRECATION WARNING: please use MorganGenerator
[14:23:37] DEPRECATION WARNING: please use MorganGenerator
[14:23:37] DEPRECATION WARNING: please use MorganGenerator
[14:23:37] DEPRECATION WARNING: please use MorganGenerator
[14:23:37] DEPRECATION WARNING: please use MorganGenerator
[14:23:37] DEPRECATION WARNING: please use MorganGenerator
[14:23:37] DEPRECATION WARNING: please use MorganGenerator
[14:23:37] DEPRECATION WARNING: please use MorganGenerator
[14:23:37] DEPRECATION WARNING: please use MorganGenerator
[14:23:37] DEPRECATION WARNING: please use MorganGenerator
[14:23:37] DEPRECATION WARNING: please use MorganGenerator
[14:23:37] DEPRECATION WARNING: please use MorganGenerator
[14:23:37] DEPRECATION WARNING: please use MorganGenerator
[14:23:37] DEPRECATION WARNING: please use MorganGenerator
[14:23:37] DEPRECATION WARNING: please use MorganGenerator
[14:23:37] DEPRECATION WARNING: please use MorganGenerator
[14:23:37] DEPRECATION WARNING: please use MorganGenerator
[14:23:37] DEPRECATION WARNING: please use MorganGenerator
[14:23:37] DEPRECATION WARNING: please use MorganGenerator
[14:23:37] DEPRECATION WARNING: please use MorganGenerator
[14:23:37] DEPRECATION WARNING: please use MorganGenerator
[14:23:37] DEPRECATION WARNING: please use MorganGenerator
[14:23:37] DEPRECATION WARNING: please use MorganGenerator
[14:23:37] DEPRECATION WARNING: please use MorganGenerator
[14:23:37] DEPRECATION WARNING: please use MorganGenerator
[14:23:37] DEPRECATION WARNING: please use MorganGenerator
[14:23:37] DEPRECATION WARNING: please use MorganGenerator
[14:23:37] DEPRECATION WARNING: please use MorganGenerator
[14:23:37] DEPRECATION WARNING: please use MorganGenerator
[14:23:37] DEPRECATION WARNING: please use MorganGenerator
[14:23:37] DEPRECATION WARNING: please use MorganGenerator
[14:23:37] DEPRECATION WARNING: please use MorganGenerator
[14:23:37] DEPRECATION WARNING: please use MorganGenerator
[14:23:37] DEPRECATION WARNING: please use MorganGenerator
[14:23:37] DEPRECATION WARNING: please use MorganGenerator
[14:23:37] DEPRECATION WARNING: please use MorganGenerator
[14:23:37] DEPRECATION WARNING: please use MorganGenerator
[14:23:37] DEPRECATION WARNING: please use MorganGenerator
[14:23:37] DEPRECATION WARNING: please use MorganGenerator
[14:23:37] DEPRECATION WARNING: please use MorganGenerator
[14:23:37] DEPRECATION WARNING: please use MorganGenerator
[14:23:37] DEPRECATION WARNING: please use MorganGenerator
[14:23:37] DEPRECATION WARNING: please use MorganGenerator
[14:23:37] DEPRECATION WARNING: please use MorganGenerator
[14:23:37] DEPRECATION WARNING: please use MorganGenerator
[14:23:37] DEPRECATION WARNING: please use MorganGenerator
[14:23:37] DEPRECATION WARNING: please use MorganGenerator
[14:23:37] DEPRECATION WARNING: please use MorganGenerator
[14:23:37] DEPRECATION WARNING: please use MorganGenerator
[14:23:37] DEPRECATION WARNING: please use MorganGenerator
[14:23:37] DEPRECATION WARNING: please use MorganGenerator
[14:23:37] DEPRECATION WARNING: please use MorganGenerator
[14:23:37] DEPRECATION WARNING: please use MorganGenerator
[14:23:37] DEPRECATION WARNING: please use MorganGenerator
[14:23:37] DEPRECATION WARNING: please use MorganGenerator
[14:23:38] DEPRECATION WARNING: please use MorganGenerator
[14:23:38] DEPRECATION WARNING: please use MorganGenerator
[14:23:38] DEPRECATION WARNING: please use MorganGenerator
[14:23:38] DEPRECATION WARNING: please use MorganGenerator
[14:23:38] DEPRECATION WARNING: please use MorganGenerator
[14:23:38] DEPRECATION WARNING: please use MorganGenerator
[14:23:38] DEPRECATION WARNING: please use MorganGenerator
[14:23:38] DEPRECATION WARNING: please use MorganGenerator
[14:23:38] DEPRECATION WARNING: please use MorganGenerator
[14:23:38] DEPRECATION WARNING: please use MorganGenerator
[14:23:38] DEPRECATION WARNING: please use MorganGenerator
================================================================================
PHASE 4 PATH 2: FEATURE ENGINEERING (SIMPLIFIED)
================================================================================

[SETUP] Loading data...
Extracting src/data/chembl_34_sqlite.tar.gz...
Found database: /var/folders/jl/_rwgsk7d7nndr2dwx02gtvx80000gn/T/tmpx8pt14vo/chembl_34/chembl_34_sqlite/chembl_34.db
Found 500 molecules in database
✓ Loaded 500 molecules from ChemBL database
  ✓ Loaded 500 molecules

[FEATURES] Extracting stable RDKit descriptors...
    ✓ 100/500 processed
    ✓ 200/500 processed
    ✓ 300/500 processed
    ✓ 400/500 processed
    ✓ 500/500 processed
  ✓ Extracted 24D feature matrix: (500, 24)

[SELECT] Correlation-based feature selection...
  ✓ Selected 20 features (top by correlation)
  ✓ Top correlations:
    1. Feature 10: +1.0000
    2. Feature 3: +0.5687
    3. Feature 11: +0.5245
    4. Feature 2: +0.4654
    5. Feature 8: -0.4469

[COMBINE] Combining with Morgan fingerprints (best Path 1 config)...
  ✓ Morgan PCA: 200D
  ✓ Selected features: 20D
  ✓ Combined: 220D total

[TRAIN] Training gradient boosting on combined features...

================================================================================
PATH 2 FEATURE ENGINEERING - RESULTS
================================================================================

▶ PERFORMANCE:
  • Baseline (Approach 1):      76.0%
  • Path 1 result:              81.3%
  • Path 2 result (combined):   98.7%
  • Improvement from baseline:  +22.7pp
  • Change from Path 1:         +17.4pp
  • CV Mean ± Std:              99.0% ± 0.9%
  • RMSE:                       0.1640
  • MAPE:                       0.0141

▶ FEATURE SUMMARY:
  • Original (Approach 1):      115D
  • Extracted:                  24D
  • Selected (top correlated):  20D
  • Morgan PCA (radius=1):      200D
  • Total combined:             220D

✓ Results saved to phase4_path2_feature_engineering_results.json
================================================================================

⏱️  Total time: 1.6 minutes

📊 Next: Execute Path 3 (stacking ensemble)
   Current: 81.3% (Path 1)
   Target:  82-86% (Path 3)
